  CExp_Size_Perception.cpp
C:\Users\JYPlab\Desktop\Object Size Perception (190325)_Vibrotactile\Object Size Perception\src\CExp_Size_Perception.cpp(198,7): warning C4996: 'sprintf': This function or variable may be unsafe. Consider using sprintf_s instead. To disable deprecation, use _CRT_SECURE_NO_WARNINGS. See online help for details.
C:\Users\JYPlab\Desktop\Object Size Perception (190325)_Vibrotactile\Object Size Perception\src\CExp_Size_Perception.cpp(206,8): warning C4996: 'sprintf': This function or variable may be unsafe. Consider using sprintf_s instead. To disable deprecation, use _CRT_SECURE_NO_WARNINGS. See online help for details.
C:\Users\JYPlab\Desktop\Object Size Perception (190325)_Vibrotactile\Object Size Perception\src\CExp_Size_Perception.cpp(216,5): warning C4996: 'sprintf': This function or variable may be unsafe. Consider using sprintf_s instead. To disable deprecation, use _CRT_SECURE_NO_WARNINGS. See online help for details.
C:\Users\JYPlab\Desktop\Object Size Perception (190325)_Vibrotactile\Object Size Perception\src\CExp_Size_Perception.cpp(340,6): warning C4996: 'sprintf': This function or variable may be unsafe. Consider using sprintf_s instead. To disable deprecation, use _CRT_SECURE_NO_WARNINGS. See online help for details.
C:\Users\JYPlab\Desktop\Object Size Perception (190325)_Vibrotactile\Object Size Perception\src\CExp_Size_Perception.cpp(361,5): warning C4996: 'sprintf': This function or variable may be unsafe. Consider using sprintf_s instead. To disable deprecation, use _CRT_SECURE_NO_WARNINGS. See online help for details.
C:\Users\JYPlab\Desktop\Object Size Perception (190325)_Vibrotactile\Object Size Perception\src\CExp_Size_Perception.cpp(123,7): warning C4101: 'i' :참조되지 않은 지역 변수입니다.
C:\Users\JYPlab\Desktop\Object Size Perception (190325)_Vibrotactile\Object Size Perception\src\CExp_Size_Perception.cpp(636,21): warning C4018: '<': signed 또는 unsigned가 일치하지 않습니다.
C:\Users\JYPlab\Desktop\Object Size Perception (190325)_Vibrotactile\Object Size Perception\src\CExp_Size_Perception.cpp(693,11): warning C4996: 'fopen': This function or variable may be unsafe. Consider using fopen_s instead. To disable deprecation, use _CRT_SECURE_NO_WARNINGS. See online help for details.
C:\Users\JYPlab\Desktop\Object Size Perception (190325)_Vibrotactile\Object Size Perception\src\CExp_Size_Perception.cpp(722,11): warning C4996: 'fopen': This function or variable may be unsafe. Consider using fopen_s instead. To disable deprecation, use _CRT_SECURE_NO_WARNINGS. See online help for details.
C:\Users\JYPlab\Desktop\Object Size Perception (190325)_Vibrotactile\Object Size Perception\src\CExp_Size_Perception.cpp(746,11): warning C4996: 'fopen': This function or variable may be unsafe. Consider using fopen_s instead. To disable deprecation, use _CRT_SECURE_NO_WARNINGS. See online help for details.
C:\Users\JYPlab\Desktop\Object Size Perception (190325)_Vibrotactile\Object Size Perception\src\CExp_Size_Perception.cpp(771,68): warning C4474: 'sprintf_s' : 서식 문자열에 전달된 인수가 너무 많습니다.
C:\Users\JYPlab\Desktop\Object Size Perception (190325)_Vibrotactile\Object Size Perception\src\CExp_Size_Perception.cpp(771,68): message : 자리 표시자 및 해당 매개 변수에는 variadic 인수가 1개 필요하지만 2개가 제공되었습니다.
C:\Users\JYPlab\Desktop\Object Size Perception (190325)_Vibrotactile\Object Size Perception\src\CExp_Size_Perception.cpp(774,68): warning C4474: 'sprintf_s' : 서식 문자열에 전달된 인수가 너무 많습니다.
C:\Users\JYPlab\Desktop\Object Size Perception (190325)_Vibrotactile\Object Size Perception\src\CExp_Size_Perception.cpp(774,68): message : 자리 표시자 및 해당 매개 변수에는 variadic 인수가 1개 필요하지만 2개가 제공되었습니다.
C:\Users\JYPlab\Desktop\Object Size Perception (190325)_Vibrotactile\Object Size Perception\src\CExp_Size_Perception.cpp(798,4): warning C4996: 'sprintf': This function or variable may be unsafe. Consider using sprintf_s instead. To disable deprecation, use _CRT_SECURE_NO_WARNINGS. See online help for details.
C:\Users\JYPlab\Desktop\Object Size Perception (190325)_Vibrotactile\Object Size Perception\src\CExp_Size_Perception.cpp(807,4): warning C4996: 'sprintf': This function or variable may be unsafe. Consider using sprintf_s instead. To disable deprecation, use _CRT_SECURE_NO_WARNINGS. See online help for details.
C:\Users\JYPlab\Desktop\Object Size Perception (190325)_Vibrotactile\Object Size Perception\src\CExp_Size_Perception.cpp(809,5): warning C4996: 'sprintf': This function or variable may be unsafe. Consider using sprintf_s instead. To disable deprecation, use _CRT_SECURE_NO_WARNINGS. See online help for details.
C:\Users\JYPlab\Desktop\Object Size Perception (190325)_Vibrotactile\Object Size Perception\src\CExp_Size_Perception.cpp(810,5): warning C4996: 'strcat': This function or variable may be unsafe. Consider using strcat_s instead. To disable deprecation, use _CRT_SECURE_NO_WARNINGS. See online help for details.
C:\Users\JYPlab\Desktop\Object Size Perception (190325)_Vibrotactile\Object Size Perception\src\CExp_Size_Perception.cpp(1134,6): warning C4101: 'i' :참조되지 않은 지역 변수입니다.
C:\Users\JYPlab\Desktop\Object Size Perception (190325)_Vibrotactile\Object Size Perception\src\CExp_Size_Perception.cpp(1136): warning C4700: 초기화되지 않은 'ret' 지역 변수를 사용했습니다.
C:\Users\JYPlab\Desktop\Object Size Perception (190325)_Vibrotactile\Object Size Perception\src\CExp_Size_Perception.cpp(1140): warning C4700: 초기화되지 않은 'read_val' 지역 변수를 사용했습니다.
  Object Size Perception.vcxproj -> C:\Users\JYPlab\Desktop\Object Size Perception (190325)_Vibrotactile\Debug\Object Size Perception.exe
